#
# There is insufficient memory for the Java Runtime Environment to continue.
# Native memory allocation (malloc) failed to allocate 1185136 bytes for Chunk::new
# Possible reasons:
#   The system is out of physical RAM or swap space
#   The process is running with CompressedOops enabled, and the Java Heap may be blocking the growth of the native heap
# Possible solutions:
#   Reduce memory load on the system
#   Increase physical memory or swap space
#   Check if swap backing store is full
#   Decrease Java heap size (-Xmx/-Xms)
#   Decrease number of Java threads
#   Decrease Java thread stack sizes (-Xss)
#   Set larger code cache with -XX:ReservedCodeCacheSize=
#   JVM is running with Unscaled Compressed Oops mode in which the Java heap is
#     placed in the first 4GB address space. The Java Heap base address is the
#     maximum limit for the native heap growth. Please use -XX:HeapBaseMinAddress
#     to set the Java Heap base and to place the Java Heap above 4GB virtual address.
# This output file may be truncated or incomplete.
#
#  Out of Memory Error (allocation.cpp:389), pid=9040, tid=0x0000000000002174
#
# JRE version: OpenJDK Runtime Environment (8.0_202-b03) (build 1.8.0_202-release-1483-b03)
# Java VM: OpenJDK 64-Bit Server VM (25.202-b03 mixed mode windows-amd64 compressed oops)
# Failed to write core dump. Minidumps are not enabled by default on client versions of Windows
#

---------------  T H R E A D  ---------------

Current thread (0x000000001649b000):  JavaThread "C2 CompilerThread1" daemon [_thread_in_native, id=8564, stack(0x0000000017bf0000,0x0000000017cf0000)]

Stack: [0x0000000017bf0000,0x0000000017cf0000]
[error occurred during error reporting (printing stack bounds), id 0xc0000005]

Native frames: (J=compiled Java code, j=interpreted, Vv=VM code, C=native code)


Current CompileTask:
C2:2285247 23467       4       com.android.tools.r8.ir.optimize.CodeRewriter::collapseTrivialGotos (614 bytes)


---------------  P R O C E S S  ---------------

Java Threads: ( => current thread )
  0x000000001c7b9800 JavaThread "ForkJoinPool-10-worker-0" daemon [_thread_blocked, id=10832, stack(0x00000000326d0000,0x00000000327d0000)]
  0x0000000027952000 JavaThread "ForkJoinPool-10-worker-3" daemon [_thread_blocked, id=7396, stack(0x00000000325d0000,0x00000000326d0000)]
  0x0000000027950800 JavaThread "ForkJoinPool-10-worker-2" daemon [_thread_in_Java, id=10364, stack(0x00000000324d0000,0x00000000325d0000)]
  0x0000000027951800 JavaThread "ForkJoinPool-10-worker-1" daemon [_thread_blocked, id=3560, stack(0x00000000323d0000,0x00000000324d0000)]
  0x0000000027954800 JavaThread "WorkerExecutor Queue Thread 7" [_thread_in_native, id=9472, stack(0x00000000320d0000,0x00000000321d0000)]
  0x000000002794e800 JavaThread "ForkJoinPool.commonPool-worker-3" daemon [_thread_blocked, id=1996, stack(0x0000000031ed0000,0x0000000031fd0000)]
  0x000000002794d800 JavaThread "ForkJoinPool.commonPool-worker-2" daemon [_thread_blocked, id=10500, stack(0x0000000031dd0000,0x0000000031ed0000)]
  0x0000000027950000 JavaThread "WorkerExecutor Queue Thread 6" [_thread_in_native, id=3356, stack(0x0000000031cd0000,0x0000000031dd0000)]
  0x0000000027953800 JavaThread "Cache worker for Java compile cache (C:\Users\U\AndroidStudioProjects\Mychatktk\.gradle\5.4.1\javaCompile)" [_thread_blocked, id=1560, stack(0x0000000031bd0000,0x0000000031cd0000)]
  0x0000000027953000 JavaThread "Cache worker for Java compile cache (C:\Users\U\.gradle\caches\5.4.1\javaCompile)" [_thread_blocked, id=9412, stack(0x0000000031ad0000,0x0000000031bd0000)]
  0x000000002794f000 JavaThread "WorkerExecutor Queue Thread 5" [_thread_blocked, id=4988, stack(0x00000000319d0000,0x0000000031ad0000)]
  0x000000002794b800 JavaThread "stdout" [_thread_in_native, id=8824, stack(0x00000000318d0000,0x00000000319d0000)]
  0x0000000027945800 JavaThread "stderr" [_thread_in_native, id=11188, stack(0x00000000317d0000,0x00000000318d0000)]
  0x000000002794a800 JavaThread "stdout" [_thread_in_native, id=10468, stack(0x00000000316d0000,0x00000000317d0000)]
  0x0000000027947000 JavaThread "stderr" [_thread_in_native, id=8228, stack(0x00000000315d0000,0x00000000316d0000)]
  0x0000000027948800 JavaThread "stdout" [_thread_in_native, id=10320, stack(0x00000000314d0000,0x00000000315d0000)]
  0x0000000027947800 JavaThread "stderr" [_thread_in_native, id=11172, stack(0x00000000313d0000,0x00000000314d0000)]
  0x000000002794c000 JavaThread "stdout" [_thread_in_native, id=5100, stack(0x00000000312d0000,0x00000000313d0000)]
  0x000000002794a000 JavaThread "stderr" [_thread_in_native, id=5728, stack(0x00000000311d0000,0x00000000312d0000)]
  0x00000000197d0000 JavaThread "pool-9-thread-1" [_thread_blocked, id=224, stack(0x0000000030ed0000,0x0000000030fd0000)]
  0x000000001c7ba800 JavaThread "WorkerExecutor Queue" [_thread_blocked, id=10152, stack(0x0000000030cd0000,0x0000000030dd0000)]
  0x000000001c7bc800 JavaThread "Cache worker for execution history cache (C:\Users\U\AndroidStudioProjects\Mychatktk\.gradle\5.4.1\executionHistory)" [_thread_blocked, id=10064, stack(0x0000000030bd0000,0x0000000030cd0000)]
  0x000000001c7bc000 JavaThread "Execution worker for ':' Thread 3" [_thread_blocked, id=2488, stack(0x0000000030ad0000,0x0000000030bd0000)]
  0x000000001c7c0800 JavaThread "Execution worker for ':' Thread 2" [_thread_blocked, id=10828, stack(0x00000000309d0000,0x0000000030ad0000)]
  0x000000001c7bd800 JavaThread "Execution worker for ':'" [_thread_blocked, id=9344, stack(0x00000000308d0000,0x00000000309d0000)]
  0x000000001c7bf800 JavaThread "Cache worker for file content cache (C:\Users\U\AndroidStudioProjects\Mychatktk\.gradle\5.4.1\fileContent)" [_thread_blocked, id=1864, stack(0x00000000306d0000,0x00000000307d0000)]
  0x000000001c7bf000 JavaThread "Cache worker for Build Output Cleanup Cache (C:\Users\U\AndroidStudioProjects\Mychatktk\.gradle\buildOutputCleanup)" [_thread_blocked, id=11044, stack(0x00000000305d0000,0x00000000306d0000)]
  0x000000001c652800 JavaThread "Build operations Thread 4" [_thread_blocked, id=4748, stack(0x00000000304d0000,0x00000000305d0000)]
  0x000000001c652000 JavaThread "Build operations Thread 3" [_thread_blocked, id=10144, stack(0x00000000303d0000,0x00000000304d0000)]
  0x000000001c659000 JavaThread "Build operations Thread 2" [_thread_blocked, id=8304, stack(0x00000000302d0000,0x00000000303d0000)]
  0x000000001c653800 JavaThread "Build operations" [_thread_blocked, id=2288, stack(0x00000000301d0000,0x00000000302d0000)]
  0x000000001c657800 JavaThread "Cache worker for cache directory md-rule (C:\Users\U\.gradle\caches\5.4.1\md-rule)" [_thread_blocked, id=10636, stack(0x00000000300d0000,0x00000000301d0000)]
  0x000000001c656800 JavaThread "Cache worker for cache directory md-supplier (C:\Users\U\.gradle\caches\5.4.1\md-supplier)" [_thread_blocked, id=4244, stack(0x000000002ffd0000,0x00000000300d0000)]
  0x000000001c655800 JavaThread "Cache worker for file hash cache (C:\Users\U\AndroidStudioProjects\Mychatktk\.gradle\5.4.1\fileHashes)" [_thread_blocked, id=1012, stack(0x000000002fed0000,0x000000002ffd0000)]
  0x000000001c64c000 JavaThread "Thread-77" [_thread_blocked, id=11064, stack(0x000000002fdd0000,0x000000002fed0000)]
  0x000000001c64a800 JavaThread "Stdin handler" [_thread_blocked, id=5604, stack(0x000000002fcd0000,0x000000002fdd0000)]
  0x000000001c651000 JavaThread "Asynchronous log dispatcher for DefaultDaemonConnection: socket connection from /127.0.0.1:56100 to /127.0.0.1:56324" [_thread_blocked, id=5000, stack(0x000000002fbd0000,0x000000002fcd0000)]
  0x000000001c64f800 JavaThread "Daemon worker Thread 4" [_thread_blocked, id=10388, stack(0x000000002fad0000,0x000000002fbd0000)]
  0x000000001c64b000 JavaThread "Cancel handler" [_thread_blocked, id=10256, stack(0x000000002f9d0000,0x000000002fad0000)]
  0x000000001c64d800 JavaThread "Handler for socket connection from /127.0.0.1:56100 to /127.0.0.1:56324" [_thread_in_native, id=8056, stack(0x000000002f8d0000,0x000000002f9d0000)]
  0x000000001c64c800 JavaThread "Daemon Thread 4" [_thread_blocked, id=11084, stack(0x000000002f7d0000,0x000000002f8d0000)]
  0x000000001c7c5000 JavaThread "Cache worker for file content cache (C:\Users\U\.gradle\caches\5.4.1\fileContent)" [_thread_blocked, id=10608, stack(0x0000000022cf0000,0x0000000022df0000)]
  0x000000001c7c6800 JavaThread "Memory manager" [_thread_blocked, id=1180, stack(0x0000000022bf0000,0x0000000022cf0000)]
  0x000000001c7b9000 JavaThread "Cache worker for execution history cache (C:\Users\U\.gradle\caches\5.4.1\executionHistory)" [_thread_blocked, id=1948, stack(0x0000000020360000,0x0000000020460000)]
  0x00000000197cf800 JavaThread "Cache worker for journal cache (C:\Users\U\.gradle\caches\journal-1)" [_thread_blocked, id=6176, stack(0x000000001b050000,0x000000001b150000)]
  0x00000000197ca000 JavaThread "File lock request listener" [_thread_in_native, id=4504, stack(0x000000001af50000,0x000000001b050000)]
  0x00000000197ce800 JavaThread "Cache worker for file hash cache (C:\Users\U\.gradle\caches\5.4.1\fileHashes)" [_thread_blocked, id=9488, stack(0x000000001ae50000,0x000000001af50000)]
  0x0000000018548800 JavaThread "Daemon periodic checks" [_thread_blocked, id=4404, stack(0x000000001a450000,0x000000001a550000)]
  0x00000000184d6800 JavaThread "Incoming local TCP Connector on port 56100" [_thread_in_native, id=2916, stack(0x000000001a200000,0x000000001a300000)]
  0x0000000019724800 JavaThread "Daemon health stats" [_thread_blocked, id=8560, stack(0x0000000019bc0000,0x0000000019cc0000)]
  0x0000000017e23800 JavaThread "Service Thread" daemon [_thread_blocked, id=4644, stack(0x00000000181f0000,0x00000000182f0000)]
  0x00000000164a6800 JavaThread "C1 CompilerThread2" daemon [_thread_blocked, id=4468, stack(0x0000000017cf0000,0x0000000017df0000)]
=>0x000000001649b000 JavaThread "C2 CompilerThread1" daemon [_thread_in_native, id=8564, stack(0x0000000017bf0000,0x0000000017cf0000)]
  0x0000000016492000 JavaThread "C2 CompilerThread0" daemon [_thread_in_native, id=4348, stack(0x0000000017af0000,0x0000000017bf0000)]
  0x0000000016490800 JavaThread "Attach Listener" daemon [_thread_blocked, id=9584, stack(0x00000000179f0000,0x0000000017af0000)]
  0x0000000016496800 JavaThread "Signal Dispatcher" daemon [_thread_blocked, id=4680, stack(0x00000000178f0000,0x00000000179f0000)]
  0x0000000002b1a800 JavaThread "Finalizer" daemon [_thread_blocked, id=3372, stack(0x00000000176f0000,0x00000000177f0000)]
  0x0000000016479000 JavaThread "Reference Handler" daemon [_thread_blocked, id=11196, stack(0x00000000175f0000,0x00000000176f0000)]
  0x0000000002a1d800 JavaThread "main" [_thread_blocked, id=2312, stack(0x00000000028c0000,0x00000000029c0000)]

Other Threads:
  0x0000000016455800 VMThread [stack: 0x00000000174f0000,0x00000000175f0000] [id=11200]
  0x0000000017e25000 WatcherThread [stack: 0x00000000182f0000,0x00000000183f0000] [id=9980]

VM state:not at safepoint (normal execution)

VM Mutex/Monitor currently owned by a thread: None

heap address: 0x00000000a0000000, size: 1536 MB, Compressed Oops mode: 32-bit
Narrow klass base: 0x0000000000000000, Narrow klass shift: 3
Compressed class space size: 1073741824 Address: 0x0000000100000000

Heap:
 PSYoungGen      total 450048K, used 185312K [0x00000000e0000000, 0x0000000100000000, 0x0000000100000000)
  eden space 375808K, 37% used [0x00000000e0000000,0x00000000e8adf408,0x00000000f6f00000)
  from space 74240K, 58% used [0x00000000f6f00000,0x00000000f9918e08,0x00000000fb780000)
  to   space 73216K, 0% used [0x00000000fb880000,0x00000000fb880000,0x0000000100000000)
 ParOldGen       total 206848K, used 58530K [0x00000000a0000000, 0x00000000aca00000, 0x00000000e0000000)
  object space 206848K, 28% used [0x00000000a0000000,0x00000000a3928bd8,0x00000000aca00000)
 Metaspace       used 99469K, capacity 104314K, committed 104408K, reserved 1140736K
  class space    used 12567K, capacity 13498K, committed 13568K, reserved 1048576K

Card table byte_map: [0x0000000011ee0000,0x00000000121f0000] byte_map_base: 0x00000000119e0000

Marking Bits: (ParMarkBitMap*) 0x0000000069c29f30
 Begin Bits: [0x00000000127f0000, 0x0000000013ff0000)
 End Bits:   [0x0000000013ff0000, 0x00000000157f0000)

Polling page: 0x0000000000ef0000

CodeCache: size=245760Kb used=66318Kb max_used=66535Kb free=179441Kb
 bounds [0x0000000002b20000, 0x0000000006c90000, 0x0000000011b20000]
 total_blobs=19655 nmethods=18739 adapters=825
 compilation: enabled

Compilation events (10 events):
Event: 2285.155 Thread 0x00000000164a6800 23925       2       com.android.tools.r8.dex.ApplicationReader$a$$Lambda$672/403159282::get$Lambda (9 bytes)
Event: 2285.156 Thread 0x00000000164a6800 nmethod 23925 0x0000000002e75e90 code [0x0000000002e75fe0, 0x0000000002e76170]
Event: 2285.157 Thread 0x00000000164a6800 23926       2       com.android.tools.r8.dex.ApplicationReader$a$$Lambda$672/403159282::<init> (10 bytes)
Event: 2285.157 Thread 0x00000000164a6800 nmethod 23926 0x0000000006342550 code [0x00000000063426a0, 0x0000000006342810]
Event: 2285.160 Thread 0x00000000164a6800 23930       2       com.android.tools.r8.code.Aput::<init> (7 bytes)
Event: 2285.160 Thread 0x00000000164a6800 nmethod 23930 0x0000000006471250 code [0x00000000064713c0, 0x0000000006471658]
Event: 2285.177 Thread 0x00000000164a6800 23932       3       java.util.Spliterators$ArraySpliterator::forEachRemaining (68 bytes)
Event: 2285.177 Thread 0x00000000164a6800 nmethod 23932 0x0000000006444d10 code [0x0000000006444ea0, 0x0000000006445338]
Event: 2285.207 Thread 0x0000000016492000 nmethod 23406 0x00000000062fec10 code [0x00000000062feee0, 0x0000000006300988]
Event: 2285.207 Thread 0x0000000016492000 23927       4       com.android.tools.r8.dex.DexParser::a (1326 bytes)

GC Heap History (10 events):
Event: 2271.189 GC heap before
{Heap before GC invocations=35 (full 4):
 PSYoungGen      total 449536K, used 426453K [0x00000000e0000000, 0x00000000ffe00000, 0x0000000100000000)
  eden space 382976K, 100% used [0x00000000e0000000,0x00000000f7600000,0x00000000f7600000)
  from space 66560K, 65% used [0x00000000fbd00000,0x00000000fe775448,0x00000000ffe00000)
  to   space 69632K, 0% used [0x00000000f7600000,0x00000000f7600000,0x00000000fba00000)
 ParOldGen       total 206848K, used 58514K [0x00000000a0000000, 0x00000000aca00000, 0x00000000e0000000)
  object space 206848K, 28% used [0x00000000a0000000,0x00000000a3924bd8,0x00000000aca00000)
 Metaspace       used 93125K, capacity 97836K, committed 98136K, reserved 1134592K
  class space    used 11884K, capacity 12819K, committed 12928K, reserved 1048576K
Event: 2271.207 GC heap after
Heap after GC invocations=35 (full 4):
 PSYoungGen      total 452608K, used 27005K [0x00000000e0000000, 0x00000000ffd00000, 0x0000000100000000)
  eden space 382976K, 0% used [0x00000000e0000000,0x00000000e0000000,0x00000000f7600000)
  from space 69632K, 38% used [0x00000000f7600000,0x00000000f905f480,0x00000000fba00000)
  to   space 66560K, 0% used [0x00000000fbc00000,0x00000000fbc00000,0x00000000ffd00000)
 ParOldGen       total 206848K, used 58522K [0x00000000a0000000, 0x00000000aca00000, 0x00000000e0000000)
  object space 206848K, 28% used [0x00000000a0000000,0x00000000a3926bd8,0x00000000aca00000)
 Metaspace       used 93125K, capacity 97836K, committed 98136K, reserved 1134592K
  class space    used 11884K, capacity 12819K, committed 12928K, reserved 1048576K
}
Event: 2279.121 GC heap before
{Heap before GC invocations=36 (full 4):
 PSYoungGen      total 452608K, used 409981K [0x00000000e0000000, 0x00000000ffd00000, 0x0000000100000000)
  eden space 382976K, 100% used [0x00000000e0000000,0x00000000f7600000,0x00000000f7600000)
  from space 69632K, 38% used [0x00000000f7600000,0x00000000f905f480,0x00000000fba00000)
  to   space 66560K, 0% used [0x00000000fbc00000,0x00000000fbc00000,0x00000000ffd00000)
 ParOldGen       total 206848K, used 58522K [0x00000000a0000000, 0x00000000aca00000, 0x00000000e0000000)
  object space 206848K, 28% used [0x00000000a0000000,0x00000000a3926bd8,0x00000000aca00000)
 Metaspace       used 99170K, capacity 104014K, committed 104152K, reserved 1140736K
  class space    used 12540K, capacity 13476K, committed 13568K, reserved 1048576K
Event: 2279.159 GC heap after
Heap after GC invocations=36 (full 4):
 PSYoungGen      total 419840K, used 45451K [0x00000000e0000000, 0x00000000fee00000, 0x0000000100000000)
  eden space 368640K, 0% used [0x00000000e0000000,0x00000000e0000000,0x00000000f6800000)
  from space 51200K, 88% used [0x00000000fbc00000,0x00000000fe862ca0,0x00000000fee00000)
  to   space 68608K, 0% used [0x00000000f6800000,0x00000000f6800000,0x00000000fab00000)
 ParOldGen       total 206848K, used 58530K [0x00000000a0000000, 0x00000000aca00000, 0x00000000e0000000)
  object space 206848K, 28% used [0x00000000a0000000,0x00000000a3928bd8,0x00000000aca00000)
 Metaspace       used 99170K, capacity 104014K, committed 104152K, reserved 1140736K
  class space    used 12540K, capacity 13476K, committed 13568K, reserved 1048576K
}
Event: 2280.299 GC heap before
{Heap before GC invocations=37 (full 4):
 PSYoungGen      total 419840K, used 414091K [0x00000000e0000000, 0x00000000fee00000, 0x0000000100000000)
  eden space 368640K, 100% used [0x00000000e0000000,0x00000000f6800000,0x00000000f6800000)
  from space 51200K, 88% used [0x00000000fbc00000,0x00000000fe862ca0,0x00000000fee00000)
  to   space 68608K, 0% used [0x00000000f6800000,0x00000000f6800000,0x00000000fab00000)
 ParOldGen       total 206848K, used 58530K [0x00000000a0000000, 0x00000000aca00000, 0x00000000e0000000)
  object space 206848K, 28% used [0x00000000a0000000,0x00000000a3928bd8,0x00000000aca00000)
 Metaspace       used 99245K, capacity 104030K, committed 104152K, reserved 1140736K
  class space    used 12548K, capacity 13478K, committed 13568K, reserved 1048576K
Event: 2280.354 GC heap after
Heap after GC invocations=37 (full 4):
 PSYoungGen      total 437248K, used 49871K [0x00000000e0000000, 0x0000000100000000, 0x0000000100000000)
  eden space 368640K, 0% used [0x00000000e0000000,0x00000000e0000000,0x00000000f6800000)
  from space 68608K, 72% used [0x00000000f6800000,0x00000000f98b3fb0,0x00000000fab00000)
  to   space 71680K, 0% used [0x00000000fba00000,0x00000000fba00000,0x0000000100000000)
 ParOldGen       total 206848K, used 58530K [0x00000000a0000000, 0x00000000aca00000, 0x00000000e0000000)
  object space 206848K, 28% used [0x00000000a0000000,0x00000000a3928bd8,0x00000000aca00000)
 Metaspace       used 99245K, capacity 104030K, committed 104152K, reserved 1140736K
  class space    used 12548K, capacity 13478K, committed 13568K, reserved 1048576K
}
Event: 2281.588 GC heap before
{Heap before GC invocations=38 (full 4):
 PSYoungGen      total 437248K, used 418511K [0x00000000e0000000, 0x0000000100000000, 0x0000000100000000)
  eden space 368640K, 100% used [0x00000000e0000000,0x00000000f6800000,0x00000000f6800000)
  from space 68608K, 72% used [0x00000000f6800000,0x00000000f98b3fb0,0x00000000fab00000)
  to   space 71680K, 0% used [0x00000000fba00000,0x00000000fba00000,0x0000000100000000)
 ParOldGen       total 206848K, used 58530K [0x00000000a0000000, 0x00000000aca00000, 0x00000000e0000000)
  object space 206848K, 28% used [0x00000000a0000000,0x00000000a3928bd8,0x00000000aca00000)
 Metaspace       used 99322K, capacity 104164K, committed 104408K, reserved 1140736K
  class space    used 12550K, capacity 13479K, committed 13568K, reserved 1048576K
Event: 2281.630 GC heap after
Heap after GC invocations=38 (full 4):
 PSYoungGen      total 447488K, used 51651K [0x00000000e0000000, 0x0000000100000000, 0x0000000100000000)
  eden space 375808K, 0% used [0x00000000e0000000,0x00000000e0000000,0x00000000f6f00000)
  from space 71680K, 72% used [0x00000000fba00000,0x00000000fec70cb8,0x0000000100000000)
  to   space 74240K, 0% used [0x00000000f6f00000,0x00000000f6f00000,0x00000000fb780000)
 ParOldGen       total 206848K, used 58530K [0x00000000a0000000, 0x00000000aca00000, 0x00000000e0000000)
  object space 206848K, 28% used [0x00000000a0000000,0x00000000a3928bd8,0x00000000aca00000)
 Metaspace       used 99322K, capacity 104164K, committed 104408K, reserved 1140736K
  class space    used 12550K, capacity 13479K, committed 13568K, reserved 1048576K
}
Event: 2284.020 GC heap before
{Heap before GC invocations=39 (full 4):
 PSYoungGen      total 447488K, used 427258K [0x00000000e0000000, 0x0000000100000000, 0x0000000100000000)
  eden space 375808K, 99% used [0x00000000e0000000,0x00000000f6ecdd20,0x00000000f6f00000)
  from space 71680K, 72% used [0x00000000fba00000,0x00000000fec70cb8,0x0000000100000000)
  to   space 74240K, 0% used [0x00000000f6f00000,0x00000000f6f00000,0x00000000fb780000)
 ParOldGen       total 206848K, used 58530K [0x00000000a0000000, 0x00000000aca00000, 0x00000000e0000000)
  object space 206848K, 28% used [0x00000000a0000000,0x00000000a3928bd8,0x00000000aca00000)
 Metaspace       used 99412K, capacity 104250K, committed 104408K, reserved 1140736K
  class space    used 12565K, capacity 13498K, committed 13568K, reserved 1048576K
Event: 2284.077 GC heap after
Heap after GC invocations=39 (full 4):
 PSYoungGen      total 450048K, used 43107K [0x00000000e0000000, 0x0000000100000000, 0x0000000100000000)
  eden space 375808K, 0% used [0x00000000e0000000,0x00000000e0000000,0x00000000f6f00000)
  from space 74240K, 58% used [0x00000000f6f00000,0x00000000f9918e08,0x00000000fb780000)
  to   space 73216K, 0% used [0x00000000fb880000,0x00000000fb880000,0x0000000100000000)
 ParOldGen       total 206848K, used 58530K [0x00000000a0000000, 0x00000000aca00000, 0x00000000e0000000)
  object space 206848K, 28% used [0x00000000a0000000,0x00000000a3928bd8,0x00000000aca00000)
 Metaspace       used 99412K, capacity 104250K, committed 104408K, reserved 1140736K
  class space    used 12565K, capacity 13498K, committed 13568K, reserved 1048576K
}

Deoptimization events (10 events):
Event: 2283.204 Thread 0x0000000027954800 Uncommon trap: reason=predicate action=maybe_recompile pc=0x00000000064152c0 method=java.util.TimSort.mergeHi(IIII)V @ 191
Event: 2283.243 Thread 0x000000002794f000 Uncommon trap: reason=unstable_if action=reinterpret pc=0x000000000538a58c method=com.android.tools.build.apkzlib.bytestorage.InMemoryByteStorage.updateUsage(J)V @ 19
Event: 2283.674 Thread 0x000000002794f000 Uncommon trap: reason=unstable_if action=reinterpret pc=0x0000000005bb1e18 method=java.io.ObjectOutputStream$BlockDataOutputStream.writeBytes(Ljava/lang/String;)V @ 22
Event: 2283.674 Thread 0x000000002794f000 Uncommon trap: reason=unstable_if action=reinterpret pc=0x00000000041427c8 method=java.io.ObjectOutputStream$BlockDataOutputStream.writeBytes(Ljava/lang/String;)V @ 22
Event: 2283.674 Thread 0x000000002794f000 Uncommon trap: reason=unstable_if action=reinterpret pc=0x0000000005a8af58 method=java.io.ObjectOutputStream$BlockDataOutputStream.writeBytes(Ljava/lang/String;)V @ 22
Event: 2283.674 Thread 0x000000002794f000 Uncommon trap: reason=unstable_if action=reinterpret pc=0x00000000033b5fdc method=java.io.ObjectOutputStream$BlockDataOutputStream.writeBytes(Ljava/lang/String;)V @ 22
Event: 2283.674 Thread 0x000000002794f000 Uncommon trap: reason=unstable_if action=reinterpret pc=0x0000000002fc3bf8 method=java.io.ObjectOutputStream$BlockDataOutputStream.writeShort(I)V @ 9
Event: 2283.674 Thread 0x000000002794f000 Uncommon trap: reason=bimorphic action=maybe_recompile pc=0x000000000305089c method=java.io.DataOutputStream.writeShort(I)V @ 12
Event: 2284.330 Thread 0x000000001c7c0800 Uncommon trap: reason=class_check action=maybe_recompile pc=0x0000000006537d38 method=com.google.gson.stream.JsonWriter.string(Ljava/lang/String;)V @ 117
Event: 2285.013 Thread 0x0000000027954800 Uncommon trap: reason=bimorphic action=maybe_recompile pc=0x0000000005ebd500 method=java.util.Spliterators$ArraySpliterator.forEachRemaining(Ljava/util/function/Consumer;)V @ 53

Classes redefined (0 events):
No events

Internal exceptions (10 events):
Event: 2284.317 Thread 0x000000001c7ba800 Exception <a 'sun/nio/fs/WindowsException'> (0x00000000e367c2b0) thrown at [D:\src\AOSP-openjdk-cygwin\jdk8u\hotspot\src\share\vm\prims\jni.cpp, line 710]
Event: 2284.319 Thread 0x000000001c7ba800 Exception <a 'sun/nio/fs/WindowsException'> (0x00000000e3682590) thrown at [D:\src\AOSP-openjdk-cygwin\jdk8u\hotspot\src\share\vm\prims\jni.cpp, line 710]
Event: 2284.320 Thread 0x000000001c7ba800 Exception <a 'sun/nio/fs/WindowsException'> (0x00000000e3689888) thrown at [D:\src\AOSP-openjdk-cygwin\jdk8u\hotspot\src\share\vm\prims\jni.cpp, line 710]
Event: 2284.321 Thread 0x000000001c7ba800 Exception <a 'sun/nio/fs/WindowsException'> (0x00000000e36927c8) thrown at [D:\src\AOSP-openjdk-cygwin\jdk8u\hotspot\src\share\vm\prims\jni.cpp, line 710]
Event: 2284.322 Thread 0x000000001c7ba800 Exception <a 'sun/nio/fs/WindowsException'> (0x00000000e3698d30) thrown at [D:\src\AOSP-openjdk-cygwin\jdk8u\hotspot\src\share\vm\prims\jni.cpp, line 710]
Event: 2284.324 Thread 0x000000001c7ba800 Exception <a 'sun/nio/fs/WindowsException'> (0x00000000e36a2160) thrown at [D:\src\AOSP-openjdk-cygwin\jdk8u\hotspot\src\share\vm\prims\jni.cpp, line 710]
Event: 2284.325 Thread 0x000000001c7ba800 Exception <a 'sun/nio/fs/WindowsException'> (0x00000000e38e9918) thrown at [D:\src\AOSP-openjdk-cygwin\jdk8u\hotspot\src\share\vm\prims\jni.cpp, line 710]
Event: 2284.326 Thread 0x000000001c7ba800 Exception <a 'sun/nio/fs/WindowsException'> (0x00000000e392f950) thrown at [D:\src\AOSP-openjdk-cygwin\jdk8u\hotspot\src\share\vm\prims\jni.cpp, line 710]
Event: 2284.328 Thread 0x000000001c7ba800 Exception <a 'sun/nio/fs/WindowsException'> (0x00000000e3937de0) thrown at [D:\src\AOSP-openjdk-cygwin\jdk8u\hotspot\src\share\vm\prims\jni.cpp, line 710]
Event: 2285.073 Thread 0x000000002794f000 Exception <a 'sun/nio/fs/WindowsException'> (0x00000000e5db6260) thrown at [D:\src\AOSP-openjdk-cygwin\jdk8u\hotspot\src\share\vm\prims\jni.cpp, line 710]

Events (10 events):
Event: 2285.158 Thread 0x00000000164a6800 flushing nmethod 0x000000000641fcd0
Event: 2285.158 Thread 0x00000000164a6800 flushing nmethod 0x0000000006420210
Event: 2285.158 Thread 0x00000000164a6800 flushing nmethod 0x0000000006435990
Event: 2285.158 Thread 0x00000000164a6800 flushing nmethod 0x0000000006444710
Event: 2285.158 Thread 0x00000000164a6800 flushing nmethod 0x00000000064710d0
Event: 2285.158 Thread 0x00000000164a6800 flushing nmethod 0x000000000649d110
Event: 2285.158 Thread 0x00000000164a6800 flushing nmethod 0x00000000064b4390
Event: 2285.158 Thread 0x00000000164a6800 flushing nmethod 0x0000000006505c90
Event: 2285.159 Thread 0x00000000164a6800 flushing nmethod 0x000000000679e810
Event: 2285.159 Thread 0x00000000164a6800 flushing nmethod 0x00000000067b7550


Dynamic libraries:
0x00007ff68de60000 - 0x00007ff68de91000 	C:\Program Files\Android\Android Studio\jre\bin\java.exe
0x00007fff3c900000 - 0x00007fff3caed000 	C:\Windows\SYSTEM32\ntdll.dll
0x00007fff20110000 - 0x00007fff20122000 	C:\Program Files\AVAST Software\Avast\aswhook.dll
0x00007fff3a670000 - 0x00007fff3a723000 	C:\Windows\System32\KERNEL32.DLL
0x00007fff38f80000 - 0x00007fff39215000 	C:\Windows\System32\KERNELBASE.dll
0x00007fff39f60000 - 0x00007fff3a003000 	C:\Windows\System32\ADVAPI32.dll
0x00007fff3a2f0000 - 0x00007fff3a38e000 	C:\Windows\System32\msvcrt.dll
0x00007fff3a550000 - 0x00007fff3a5ee000 	C:\Windows\System32\sechost.dll
0x00007fff39e30000 - 0x00007fff39f52000 	C:\Windows\System32\RPCRT4.dll
0x00007fff3ab10000 - 0x00007fff3aca7000 	C:\Windows\System32\USER32.dll
0x00007fff393a0000 - 0x00007fff393c0000 	C:\Windows\System32\win32u.dll
0x00007fff3c720000 - 0x00007fff3c749000 	C:\Windows\System32\GDI32.dll
0x00007fff38b90000 - 0x00007fff38d2c000 	C:\Windows\System32\gdi32full.dll
0x00007fff39220000 - 0x00007fff392c0000 	C:\Windows\System32\msvcp_win.dll
0x00007fff38d30000 - 0x00007fff38e2a000 	C:\Windows\System32\ucrtbase.dll
0x00007fff27690000 - 0x00007fff27909000 	C:\Windows\WinSxS\amd64_microsoft.windows.common-controls_6595b64144ccf1df_6.0.17763.1577_none_de7444545348a3d0\COMCTL32.dll
0x00007fff3a730000 - 0x00007fff3aa5d000 	C:\Windows\System32\combase.dll
0x00007fff38e30000 - 0x00007fff38eae000 	C:\Windows\System32\bcryptPrimitives.dll
0x00007fff3a520000 - 0x00007fff3a54e000 	C:\Windows\System32\IMM32.DLL
0x00000000692a0000 - 0x0000000069372000 	C:\Program Files\Android\Android Studio\jre\jre\bin\msvcr100.dll
0x0000000069460000 - 0x0000000069ca6000 	C:\Program Files\Android\Android Studio\jre\jre\bin\server\jvm.dll
0x00007fff3c8c0000 - 0x00007fff3c8c8000 	C:\Windows\System32\PSAPI.DLL
0x00007fff300f0000 - 0x00007fff300f9000 	C:\Windows\SYSTEM32\WSOCK32.dll
0x00007fff3a600000 - 0x00007fff3a66d000 	C:\Windows\System32\WS2_32.dll
0x00007fff275a0000 - 0x00007fff275c4000 	C:\Windows\SYSTEM32\WINMM.dll
0x00007fff33de0000 - 0x00007fff33dea000 	C:\Windows\SYSTEM32\VERSION.dll
0x00007fff27570000 - 0x00007fff2759d000 	C:\Windows\SYSTEM32\WINMMBASE.dll
0x00007fff38f30000 - 0x00007fff38f7a000 	C:\Windows\System32\cfgmgr32.dll
0x00007fff35620000 - 0x00007fff3562f000 	C:\Program Files\Android\Android Studio\jre\jre\bin\verify.dll
0x00007fff33600000 - 0x00007fff33629000 	C:\Program Files\Android\Android Studio\jre\jre\bin\java.dll
0x00007fff335e0000 - 0x00007fff335f6000 	C:\Program Files\Android\Android Studio\jre\jre\bin\zip.dll
0x00007fff3b210000 - 0x00007fff3c709000 	C:\Windows\System32\SHELL32.dll
0x00007fff3aa60000 - 0x00007fff3ab08000 	C:\Windows\System32\shcore.dll
0x00007fff393c0000 - 0x00007fff39b13000 	C:\Windows\System32\windows.storage.dll
0x00007fff38980000 - 0x00007fff389a4000 	C:\Windows\System32\profapi.dll
0x00007fff38920000 - 0x00007fff3897d000 	C:\Windows\System32\powrprof.dll
0x00007fff3acb0000 - 0x00007fff3ad02000 	C:\Windows\System32\shlwapi.dll
0x00007fff38900000 - 0x00007fff38911000 	C:\Windows\System32\kernel.appcore.dll
0x00007fff38eb0000 - 0x00007fff38ec7000 	C:\Windows\System32\cryptsp.dll
0x00007fff331e0000 - 0x00007fff331fa000 	C:\Program Files\Android\Android Studio\jre\jre\bin\net.dll
0x00007fff380f0000 - 0x00007fff38157000 	C:\Windows\system32\mswsock.dll
0x00007fff331c0000 - 0x00007fff331d1000 	C:\Program Files\Android\Android Studio\jre\jre\bin\nio.dll
0x00007fff32cc0000 - 0x00007fff32ce6000 	C:\Users\U\.gradle\native\29\windows-amd64\native-platform.dll
0x00007fff350c0000 - 0x00007fff350cd000 	C:\Program Files\Android\Android Studio\jre\jre\bin\management.dll
0x00007fff37c70000 - 0x00007fff37ca3000 	C:\Windows\system32\rsaenh.dll
0x00007fff392c0000 - 0x00007fff392e6000 	C:\Windows\System32\bcrypt.dll
0x00007fff387e0000 - 0x00007fff38809000 	C:\Windows\SYSTEM32\USERENV.dll
0x00007fff382c0000 - 0x00007fff382cc000 	C:\Windows\SYSTEM32\CRYPTBASE.dll
0x00007fff37e10000 - 0x00007fff37e4d000 	C:\Windows\SYSTEM32\IPHLPAPI.DLL
0x00007fff3c710000 - 0x00007fff3c718000 	C:\Windows\System32\NSI.dll
0x00007fff33df0000 - 0x00007fff33e06000 	C:\Windows\SYSTEM32\dhcpcsvc6.DLL
0x00007fff33dc0000 - 0x00007fff33ddc000 	C:\Windows\SYSTEM32\dhcpcsvc.DLL
0x00007fff37e50000 - 0x00007fff37f16000 	C:\Windows\SYSTEM32\DNSAPI.dll
0x00007fff32e70000 - 0x00007fff32e94000 	C:\Program Files\Android\Android Studio\jre\jre\bin\sunec.dll
0x00007fff31600000 - 0x00007fff3160a000 	C:\Windows\System32\rasadhlp.dll
0x00007fff31710000 - 0x00007fff31789000 	C:\Windows\System32\fwpuclnt.dll
0x00007fff34910000 - 0x00007fff3491b000 	C:\Program Files\Android\Android Studio\jre\jre\bin\sunmscapi.dll
0x00007fff389b0000 - 0x00007fff38b8c000 	C:\Windows\System32\CRYPT32.dll
0x00007fff388e0000 - 0x00007fff388f2000 	C:\Windows\System32\MSASN1.dll

VM Arguments:
jvm_args: -Xmx1536m -Dfile.encoding=windows-1251 -Duser.country=RU -Duser.language=ru -Duser.variant 
java_command: org.gradle.launcher.daemon.bootstrap.GradleDaemon 5.4.1
java_class_path (initial): C:\Users\U\.gradle\wrapper\dists\gradle-5.4.1-all\3221gyojl5jsh0helicew7rwx\gradle-5.4.1\lib\gradle-launcher-5.4.1.jar
Launcher Type: SUN_STANDARD

Environment Variables:
PATH="C:\Program Files (x86)\Common Files\Oracle\Java\javapath;wget";C:\Windows\system32;C:\Windows;C:\Windows\System32\Wbem;C:\Windows\System32\WindowsPowerShell\v1.0\;C:\Windows\System32\OpenSSH\;C:\Program Files\nodejs\;C:\Users\U\AppData\Local\Programs\Python\Python38\Scripts\;C:\Users\U\AppData\Local\Programs\Python\Python38\;C:\Users\U\AppData\Local\Programs\Microsoft VS Code\bin
USERNAME=U
OS=Windows_NT
PROCESSOR_IDENTIFIER=Intel64 Family 6 Model 58 Stepping 9, GenuineIntel



---------------  S Y S T E M  ---------------

OS: Windows 10.0 , 64 bit Build 17763 (10.0.17763.475)

CPU:total 4 (initial active 4) (4 cores per cpu, 1 threads per core) family 6 model 58 stepping 9, cmov, cx8, fxsr, mmx, sse, sse2, sse3, ssse3, sse4.1, sse4.2, popcnt, avx, aes, clmul, erms, tsc, tscinvbit, tscinv

Memory: 4k page, physical 8336016k(1278716k free), swap 9155216k(4560k free)

vm_info: OpenJDK 64-Bit Server VM (25.202-b03) for windows-amd64 JRE (1.8.0_202-release-1483-b03), built by "builder" with MS VC++ 10.0 (VS2010)

time: Thu Dec 10 14:10:59 2020
timezone: RTZ 2 (зима)
elapsed time: 2285 seconds (0d 0h 38m 5s)

